<?xml version="1.0" encoding="UTF-8"?>
<testsuite xmlns:xsi="http://www.w3.org/2001/XMLSchema-instance" xsi:noNamespaceSchemaLocation="https://maven.apache.org/surefire/maven-surefire-plugin/xsd/surefire-test-report-3.0.xsd" version="3.0" name="com.nithin.demoUsers.DemoUsersApplicationTests" time="11.115" tests="1" errors="0" skipped="0" failures="0">
  <properties>
[...]
</properties>
  <testcase name="contextLoads" classname="com.nithin.demoUsers.DemoUsersApplicationTests" time="0.228">
    <system-out><![CDATA[18:50:38.581 [main] DEBUG org.springframework.test.context.BootstrapUtils - Instantiating CacheAwareContextLoaderDelegate from class [org.springframework.test.context.cache.DefaultCacheAwareContextLoaderDelegate]
18:50:38.605 [main] DEBUG org.springframework.test.context.BootstrapUtils - Instantiating BootstrapContext using constructor [public org.springframework.test.context.support.DefaultBootstrapContext(java.lang.Class,org.springframework.test.context.CacheAwareContextLoaderDelegate)]
18:50:38.658 [main] DEBUG org.springframework.test.context.BootstrapUtils - Instantiating TestContextBootstrapper for test class [com.nithin.demoUsers.DemoUsersApplicationTests] from class [org.springframework.boot.test.context.SpringBootTestContextBootstrapper]
18:50:38.683 [main] INFO org.springframework.boot.test.context.SpringBootTestContextBootstrapper - Neither @ContextConfiguration nor @ContextHierarchy found for test class [com.nithin.demoUsers.DemoUsersApplicationTests], using SpringBootContextLoader
18:50:38.690 [main] DEBUG org.springframework.test.context.support.AbstractContextLoader - Did not detect default resource location for test class [com.nithin.demoUsers.DemoUsersApplicationTests]: class path resource [com/nithin/demoUsers/DemoUsersApplicationTests-context.xml] does not exist
18:50:38.692 [main] DEBUG org.springframework.test.context.support.AbstractContextLoader - Did not detect default resource location for test class [com.nithin.demoUsers.DemoUsersApplicationTests]: class path resource [com/nithin/demoUsers/DemoUsersApplicationTestsContext.groovy] does not exist
18:50:38.692 [main] INFO org.springframework.test.context.support.AbstractContextLoader - Could not detect default resource locations for test class [com.nithin.demoUsers.DemoUsersApplicationTests]: no resource found for suffixes {-context.xml, Context.groovy}.
18:50:38.694 [main] INFO org.springframework.test.context.support.AnnotationConfigContextLoaderUtils - Could not detect default configuration classes for test class [com.nithin.demoUsers.DemoUsersApplicationTests]: DemoUsersApplicationTests does not declare any static, non-private, non-final, nested classes annotated with @Configuration.
18:50:38.843 [main] DEBUG org.springframework.test.context.support.ActiveProfilesUtils - Could not find an 'annotation declaring class' for annotation type [org.springframework.test.context.ActiveProfiles] and class [com.nithin.demoUsers.DemoUsersApplicationTests]
18:50:38.992 [main] DEBUG org.springframework.context.annotation.ClassPathScanningCandidateComponentProvider - Identified candidate component class: file [/Users/nithin/Desktop/code/demoUsers/target/classes/com/nithin/demoUsers/DemoUsersApplication.class]
18:50:38.994 [main] INFO org.springframework.boot.test.context.SpringBootTestContextBootstrapper - Found @SpringBootConfiguration com.nithin.demoUsers.DemoUsersApplication for test class com.nithin.demoUsers.DemoUsersApplicationTests
18:50:39.185 [main] DEBUG org.springframework.boot.test.context.SpringBootTestContextBootstrapper - @TestExecutionListeners is not present for class [com.nithin.demoUsers.DemoUsersApplicationTests]: using defaults.
18:50:39.185 [main] INFO org.springframework.boot.test.context.SpringBootTestContextBootstrapper - Loaded default TestExecutionListener class names from location [META-INF/spring.factories]: [org.springframework.boot.test.mock.mockito.MockitoTestExecutionListener, org.springframework.boot.test.mock.mockito.ResetMocksTestExecutionListener, org.springframework.boot.test.autoconfigure.restdocs.RestDocsTestExecutionListener, org.springframework.boot.test.autoconfigure.web.client.MockRestServiceServerResetTestExecutionListener, org.springframework.boot.test.autoconfigure.web.servlet.MockMvcPrintOnlyOnFailureTestExecutionListener, org.springframework.boot.test.autoconfigure.web.servlet.WebDriverTestExecutionListener, org.springframework.boot.test.autoconfigure.webservices.client.MockWebServiceServerTestExecutionListener, org.springframework.test.context.web.ServletTestExecutionListener, org.springframework.test.context.support.DirtiesContextBeforeModesTestExecutionListener, org.springframework.test.context.event.ApplicationEventsTestExecutionListener, org.springframework.test.context.support.DependencyInjectionTestExecutionListener, org.springframework.test.context.support.DirtiesContextTestExecutionListener, org.springframework.test.context.transaction.TransactionalTestExecutionListener, org.springframework.test.context.jdbc.SqlScriptsTestExecutionListener, org.springframework.test.context.event.EventPublishingTestExecutionListener]
18:50:39.219 [main] INFO org.springframework.boot.test.context.SpringBootTestContextBootstrapper - Using TestExecutionListeners: [org.springframework.test.context.web.ServletTestExecutionListener@27953a83, org.springframework.test.context.support.DirtiesContextBeforeModesTestExecutionListener@556d0826, org.springframework.test.context.event.ApplicationEventsTestExecutionListener@66ce957f, org.springframework.boot.test.mock.mockito.MockitoTestExecutionListener@55b5f5d2, org.springframework.boot.test.autoconfigure.SpringBootDependencyInjectionTestExecutionListener@5bfa8cc5, org.springframework.test.context.support.DirtiesContextTestExecutionListener@666b83a4, org.springframework.test.context.transaction.TransactionalTestExecutionListener@749c877b, org.springframework.test.context.jdbc.SqlScriptsTestExecutionListener@efde75f, org.springframework.test.context.event.EventPublishingTestExecutionListener@16ecee1, org.springframework.boot.test.mock.mockito.ResetMocksTestExecutionListener@3b220bcb, org.springframework.boot.test.autoconfigure.restdocs.RestDocsTestExecutionListener@2b95e48b, org.springframework.boot.test.autoconfigure.web.client.MockRestServiceServerResetTestExecutionListener@4a3329b9, org.springframework.boot.test.autoconfigure.web.servlet.MockMvcPrintOnlyOnFailureTestExecutionListener@3dddefd8, org.springframework.boot.test.autoconfigure.web.servlet.WebDriverTestExecutionListener@160ac7fb, org.springframework.boot.test.autoconfigure.webservices.client.MockWebServiceServerTestExecutionListener@12bfd80d]
18:50:39.225 [main] DEBUG org.springframework.test.context.support.AbstractDirtiesContextTestExecutionListener - Before test class: context [DefaultTestContext@242aa8d9 testClass = DemoUsersApplicationTests, testInstance = [null], testMethod = [null], testException = [null], mergedContextConfiguration = [WebMergedContextConfiguration@5b11a194 testClass = DemoUsersApplicationTests, locations = '{}', classes = '{class com.nithin.demoUsers.DemoUsersApplication}', contextInitializerClasses = '[]', activeProfiles = '{}', propertySourceLocations = '{}', propertySourceProperties = '{org.springframework.boot.test.context.SpringBootTestContextBootstrapper=true}', contextCustomizers = set[org.springframework.boot.test.context.filter.ExcludeFilterContextCustomizer@409c54f, org.springframework.boot.test.json.DuplicateJsonObjectContextCustomizerFactory$DuplicateJsonObjectContextCustomizer@3b8f0a79, org.springframework.boot.test.mock.mockito.MockitoContextCustomizer@0, org.springframework.boot.test.web.client.TestRestTemplateContextCustomizer@3148f668, org.springframework.boot.test.autoconfigure.actuate.metrics.MetricsExportContextCustomizerFactory$DisableMetricExportContextCustomizer@301eda63, org.springframework.boot.test.autoconfigure.properties.PropertyMappingContextCustomizer@0, org.springframework.boot.test.autoconfigure.web.servlet.WebDriverContextCustomizerFactory$Customizer@f107c50, org.springframework.boot.test.context.SpringBootTestArgs@1, org.springframework.boot.test.context.SpringBootTestWebEnvironment@3590fc5b], resourceBasePath = 'src/main/webapp', contextLoader = 'org.springframework.boot.test.context.SpringBootContextLoader', parent = [null]], attributes = map['org.springframework.test.context.web.ServletTestExecutionListener.activateListener' -> true]], class annotated with @DirtiesContext [false] with mode [null].
18:50:39.295 [main] DEBUG org.springframework.test.context.support.TestPropertySourceUtils - Adding inlined properties to environment: {spring.jmx.enabled=false, org.springframework.boot.test.context.SpringBootTestContextBootstrapper=true}

  .   ____          _            __ _ _
 /\\ / ___'_ __ _ _(_)_ __  __ _ \ \ \ \
( ( )\___ | '_ | '_| | '_ \/ _` | \ \ \ \
 \\/  ___)| |_)| | | | | || (_| |  ) ) ) )
  '  |____| .__|_| |_|_| |_\__, | / / / /
 =========|_|==============|___/=/_/_/_/
 :: Spring Boot ::                (v2.5.2)

2023-07-13 18:50:39.885  INFO 46420 --- [           main] c.n.demoUsers.DemoUsersApplicationTests  : Starting DemoUsersApplicationTests using Java 10.0.2 on shreyash-Macbook-air.local with PID 46420 (started by nithin in /Users/nithin/Desktop/code/demoUsers)
2023-07-13 18:50:39.891  INFO 46420 --- [           main] c.n.demoUsers.DemoUsersApplicationTests  : No active profile set, falling back to default profiles: default
2023-07-13 18:50:41.506  INFO 46420 --- [           main] .s.d.r.c.RepositoryConfigurationDelegate : Bootstrapping Spring Data JPA repositories in DEFAULT mode.
2023-07-13 18:50:41.695  INFO 46420 --- [           main] .s.d.r.c.RepositoryConfigurationDelegate : Finished Spring Data repository scanning in 173 ms. Found 3 JPA repository interfaces.
2023-07-13 18:50:43.135  INFO 46420 --- [           main] com.zaxxer.hikari.HikariDataSource       : HikariPool-1 - Starting...
2023-07-13 18:50:43.796  INFO 46420 --- [           main] com.zaxxer.hikari.HikariDataSource       : HikariPool-1 - Start completed.
2023-07-13 18:50:43.938  INFO 46420 --- [           main] o.f.c.internal.license.VersionPrinter    : Flyway Community Edition 8.0.1 by Redgate
2023-07-13 18:50:43.939  INFO 46420 --- [           main] o.f.c.i.database.base.BaseDatabaseType   : Database: jdbc:mysql://localhost:3306/demo_data (MySQL 8.0)
2023-07-13 18:50:44.088  INFO 46420 --- [           main] o.f.core.internal.command.DbValidate     : Successfully validated 3 migrations (execution time 00:00.071s)
2023-07-13 18:50:44.125  INFO 46420 --- [           main] o.f.core.internal.command.DbMigrate      : Current version of schema `demo_data`: 3
2023-07-13 18:50:44.127  INFO 46420 --- [           main] o.f.core.internal.command.DbMigrate      : Schema `demo_data` is up to date. No migration necessary.
2023-07-13 18:50:44.519  INFO 46420 --- [           main] o.hibernate.jpa.internal.util.LogHelper  : HHH000204: Processing PersistenceUnitInfo [name: default]
2023-07-13 18:50:44.637  INFO 46420 --- [           main] org.hibernate.Version                    : HHH000412: Hibernate ORM core version 5.4.32.Final
2023-07-13 18:50:44.970  INFO 46420 --- [           main] o.hibernate.annotations.common.Version   : HCANN000001: Hibernate Commons Annotations {5.1.2.Final}
2023-07-13 18:50:45.307  INFO 46420 --- [           main] org.hibernate.dialect.Dialect            : HHH000400: Using dialect: org.hibernate.dialect.MySQL8Dialect
2023-07-13 18:50:46.538  INFO 46420 --- [           main] o.h.e.t.j.p.i.JtaPlatformInitiator       : HHH000490: Using JtaPlatform implementation: [org.hibernate.engine.transaction.jta.platform.internal.NoJtaPlatform]
2023-07-13 18:50:46.561  INFO 46420 --- [           main] j.LocalContainerEntityManagerFactoryBean : Initialized JPA EntityManagerFactory for persistence unit 'default'
2023-07-13 18:50:48.040  WARN 46420 --- [           main] JpaBaseConfiguration$JpaWebConfiguration : spring.jpa.open-in-view is enabled by default. Therefore, database queries may be performed during view rendering. Explicitly configure spring.jpa.open-in-view to disable this warning
2023-07-13 18:50:49.235  INFO 46420 --- [           main] c.n.demoUsers.DemoUsersApplicationTests  : Started DemoUsersApplicationTests in 9.924 seconds (JVM running for 13.398)
]]></system-out>
  </testcase>
</testsuite>